/home/student/jwiseman/.conda/envs/ragen/lib/python3.12/site-packages/requests/__init__.py:86: RequestsDependencyWarning: Unable to find acceptable character detection dependency (chardet or charset_normalizer).
  warnings.warn(
Traceback (most recent call last):
  File "/scr/jwiseman/RAGEN/train.py", line 6, in <module>
    from ragen.trainer.agent_trainer import RayAgentTrainer
  File "/scr/jwiseman/RAGEN/ragen/trainer/agent_trainer.py", line 41, in <module>
    from verl.utils.checkpoint.checkpoint_manager import find_latest_ckpt_path
  File "/scr/jwiseman/RAGEN/verl/verl/utils/checkpoint/checkpoint_manager.py", line 24, in <module>
    from transformers import PreTrainedTokenizer, ProcessorMixin
  File "/home/student/jwiseman/.conda/envs/ragen/lib/python3.12/site-packages/transformers/utils/import_utils.py", line 2154, in __getattr__
    module = self._get_module(self._class_to_module[name])
             ^^^^^^^^^^^^^^^^^^^^^^^^^^^^^^^^^^^^^^^^^^^^^
  File "/home/student/jwiseman/.conda/envs/ragen/lib/python3.12/site-packages/transformers/utils/import_utils.py", line 2184, in _get_module
    raise e
  File "/home/student/jwiseman/.conda/envs/ragen/lib/python3.12/site-packages/transformers/utils/import_utils.py", line 2182, in _get_module
    return importlib.import_module("." + module_name, self.__name__)
           ^^^^^^^^^^^^^^^^^^^^^^^^^^^^^^^^^^^^^^^^^^^^^^^^^^^^^^^^^
  File "/home/student/jwiseman/.conda/envs/ragen/lib/python3.12/importlib/__init__.py", line 90, in import_module
    return _bootstrap._gcd_import(name[level:], package, level)
           ^^^^^^^^^^^^^^^^^^^^^^^^^^^^^^^^^^^^^^^^^^^^^^^^^^^^
  File "/home/student/jwiseman/.conda/envs/ragen/lib/python3.12/site-packages/transformers/processing_utils.py", line 73, in <module>
    from .modeling_utils import PreTrainedAudioTokenizerBase
  File "/home/student/jwiseman/.conda/envs/ragen/lib/python3.12/site-packages/transformers/modeling_utils.py", line 59, in <module>
    from .integrations.flash_attention import flash_attention_forward
  File "/home/student/jwiseman/.conda/envs/ragen/lib/python3.12/site-packages/transformers/integrations/flash_attention.py", line 5, in <module>
    from ..modeling_flash_attention_utils import _flash_attention_forward, flash_attn_supports_top_left_mask
  File "/home/student/jwiseman/.conda/envs/ragen/lib/python3.12/site-packages/transformers/modeling_flash_attention_utils.py", line 100, in <module>
    from flash_attn import flash_attn_func as flash_attn_2_func
  File "/home/student/jwiseman/.conda/envs/ragen/lib/python3.12/site-packages/flash_attn/__init__.py", line 3, in <module>
    from flash_attn.flash_attn_interface import (
  File "/home/student/jwiseman/.conda/envs/ragen/lib/python3.12/site-packages/flash_attn/flash_attn_interface.py", line 15, in <module>
    import flash_attn_2_cuda as flash_attn_gpu
ImportError: /home/student/jwiseman/.conda/envs/ragen/lib/python3.12/site-packages/flash_attn_2_cuda.cpython-312-x86_64-linux-gnu.so: undefined symbol: _ZN3c105ErrorC2ENS_14SourceLocationESs
